1493094516321	geckodriver	INFO	Listening on 127.0.0.1:51934
1493094559027	geckodriver	INFO	Listening on 127.0.0.1:51948
1493094636132	geckodriver	INFO	Listening on 127.0.0.1:51961
1493094719981	geckodriver	INFO	Listening on 127.0.0.1:51974
1493095127518	geckodriver	INFO	Listening on 127.0.0.1:51995
1493095234137	geckodriver	INFO	Listening on 127.0.0.1:52009
1493095338394	geckodriver	INFO	Listening on 127.0.0.1:52025
1493095357859	geckodriver	INFO	Listening on 127.0.0.1:52038
1493095401353	geckodriver	INFO	Listening on 127.0.0.1:52051
1493095712899	geckodriver	INFO	Listening on 127.0.0.1:52098
1493095715570	geckodriver::marionette	INFO	Starting browser /Applications/Firefox.app/Contents/MacOS/firefox-bin with args ["-marionette"]
1493095730884	Marionette	INFO	Listening on port 52111
1493095731706	Marionette	WARN	TLS certificate errors will be ignored for this session
2017-04-25 13:49:02.342 plugin-container[36888:4952849] *** CFMessagePort: bootstrap_register(): failed 1100 (0x44c) 'Permission denied', port = 0x913b, name = 'com.apple.tsm.portname'
See /usr/include/servers/bootstrap_defs.h for the error codes.
2017-04-25 13:49:02.424 plugin-container[36888:4952849] *** CFMessagePort: bootstrap_register(): failed 1100 (0x44c) 'Permission denied', port = 0x9403, name = 'com.apple.CFPasteboardClient'
See /usr/include/servers/bootstrap_defs.h for the error codes.
1493095804118	geckodriver	INFO	Listening on 127.0.0.1:52577
1493095809375	geckodriver::marionette	INFO	Starting browser /Applications/Firefox.app/Contents/MacOS/firefox-bin with args ["-marionette"]
1493095824133	Marionette	INFO	Listening on port 52590
1493095824202	Marionette	WARN	TLS certificate errors will be ignored for this session
2017-04-25 13:50:25.009 plugin-container[36915:4954846] *** CFMessagePort: bootstrap_register(): failed 1100 (0x44c) 'Permission denied', port = 0x913b, name = 'com.apple.tsm.portname'
See /usr/include/servers/bootstrap_defs.h for the error codes.
2017-04-25 13:50:25.015 plugin-container[36915:4954846] *** CFMessagePort: bootstrap_register(): failed 1100 (0x44c) 'Permission denied', port = 0x9407, name = 'com.apple.CFPasteboardClient'
See /usr/include/servers/bootstrap_defs.h for the error codes.
Warning: An attempt was made to write to the DEVTOOLS_COPY_FULL_CSS_SELECTOR_OPENED_COUNT histogram, which is not defined in Histograms.json
Warning: An attempt was made to write to the DEVTOOLS_COPY_FULL_CSS_SELECTOR_OPENED_COUNT histogram, which is not defined in Histograms.json
*************************
A coding exception was thrown and uncaught in a Task.

Full message: TypeError: NetworkError when attempting to fetch resource.
Full stack: 
*************************
1493096740934	geckodriver	INFO	Listening on 127.0.0.1:53079
1493096744317	geckodriver::marionette	INFO	Starting browser /Applications/Firefox.app/Contents/MacOS/firefox-bin with args ["-marionette"]
1493096774379	Marionette	INFO	Listening on port 53095
1493096775737	Marionette	WARN	TLS certificate errors will be ignored for this session
2017-04-25 14:06:18.759 plugin-container[37127:4967881] *** CFMessagePort: bootstrap_register(): failed 1100 (0x44c) 'Permission denied', port = 0x913b, name = 'com.apple.tsm.portname'
See /usr/include/servers/bootstrap_defs.h for the error codes.
2017-04-25 14:06:18.765 plugin-container[37127:4967881] *** CFMessagePort: bootstrap_register(): failed 1100 (0x44c) 'Permission denied', port = 0x9403, name = 'com.apple.CFPasteboardClient'
See /usr/include/servers/bootstrap_defs.h for the error codes.
1493096914767	geckodriver	INFO	Listening on 127.0.0.1:53995
1493096915992	geckodriver::marionette	INFO	Starting browser /Applications/Firefox.app/Contents/MacOS/firefox-bin with args ["-marionette"]
1493096920359	Marionette	INFO	Listening on port 54008
1493096920434	Marionette	WARN	TLS certificate errors will be ignored for this session
2017-04-25 14:08:40.971 plugin-container[37164:4969934] *** CFMessagePort: bootstrap_register(): failed 1100 (0x44c) 'Permission denied', port = 0x913b, name = 'com.apple.tsm.portname'
See /usr/include/servers/bootstrap_defs.h for the error codes.
2017-04-25 14:08:40.975 plugin-container[37164:4969934] *** CFMessagePort: bootstrap_register(): failed 1100 (0x44c) 'Permission denied', port = 0x9403, name = 'com.apple.CFPasteboardClient'
See /usr/include/servers/bootstrap_defs.h for the error codes.
1493097098037	geckodriver	INFO	Listening on 127.0.0.1:54169
1493097099635	geckodriver::marionette	INFO	Starting browser /Applications/Firefox.app/Contents/MacOS/firefox-bin with args ["-marionette"]
1493097108355	Marionette	INFO	Listening on port 54182
1493097108511	Marionette	WARN	TLS certificate errors will be ignored for this session
2017-04-25 14:11:49.586 plugin-container[37205:4972243] *** CFMessagePort: bootstrap_register(): failed 1100 (0x44c) 'Permission denied', port = 0x913b, name = 'com.apple.tsm.portname'
See /usr/include/servers/bootstrap_defs.h for the error codes.
2017-04-25 14:11:49.591 plugin-container[37205:4972243] *** CFMessagePort: bootstrap_register(): failed 1100 (0x44c) 'Permission denied', port = 0x9403, name = 'com.apple.CFPasteboardClient'
See /usr/include/servers/bootstrap_defs.h for the error codes.
*************************
A coding exception was thrown and uncaught in a Task.

Full message: TypeError: NetworkError when attempting to fetch resource.
Full stack: 
*************************
*************************
A coding exception was thrown and uncaught in a Task.

Full message: TypeError: NetworkError when attempting to fetch resource.
Full stack: 
*************************
1493097808647	geckodriver	INFO	Listening on 127.0.0.1:54512
1493097815243	geckodriver::marionette	INFO	Starting browser /Applications/Firefox.app/Contents/MacOS/firefox-bin with args ["-marionette"]
1493097844355	Marionette	INFO	Listening on port 54525
1493097844910	Marionette	WARN	TLS certificate errors will be ignored for this session
2017-04-25 14:24:06.179 plugin-container[37373:4981595] *** CFMessagePort: bootstrap_register(): failed 1100 (0x44c) 'Permission denied', port = 0x903b, name = 'com.apple.tsm.portname'
See /usr/include/servers/bootstrap_defs.h for the error codes.
2017-04-25 14:24:06.183 plugin-container[37373:4981595] *** CFMessagePort: bootstrap_register(): failed 1100 (0x44c) 'Permission denied', port = 0x9503, name = 'com.apple.CFPasteboardClient'
See /usr/include/servers/bootstrap_defs.h for the error codes.
JavaScript error: resource://gre/modules/LoginManagerParent.jsm, line 75: TypeError: this._recipeManager is null
console.warn: nsLoginManager: searchLogins: `formSubmitURL` or `httpRealm` is recommended
1493098211347	geckodriver	INFO	Listening on 127.0.0.1:55402
1493098212686	geckodriver::marionette	INFO	Starting browser /Applications/Firefox.app/Contents/MacOS/firefox-bin with args ["-marionette"]
console.error: 
  Message: Error: Unexpected packet server1.conn0.child1/customhighlighter142, {"from":"server1.conn0.child1/customhighlighter142","error":"noSuchActor","message":"No such actor for ID: server1.conn0.child1/customhighlighter142"}
  Stack:
    onPacket@resource://gre/modules/commonjs/toolkit/loader.js -> resource://devtools/shared/protocol.js:1311:17
onPacket@resource://gre/modules/commonjs/toolkit/loader.js -> resource://devtools/shared/client/main.js:952:7
send/<@chrome://marionette/content/server.js -> resource://devtools/shared/transport/transport.js:570:13
exports.makeInfallible/<@resource://gre/modules/commonjs/toolkit/loader.js -> resource://devtools/shared/ThreadSafeDevToolsUtils.js:101:14
exports.makeInfallible/<@resource://gre/modules/commonjs/toolkit/loader.js -> resource://devtools/shared/ThreadSafeDevToolsUtils.js:101:14

Handler function LocalDebuggerTransport instance's this.other.hooks.onPacket threw an exception: Error: Unexpected packet server1.conn0.child1/customhighlighter142, {"from":"server1.conn0.child1/customhighlighter142","error":"noSuchActor","message":"No such actor for ID: server1.conn0.child1/customhighlighter142"}
Stack: onPacket@resource://gre/modules/commonjs/toolkit/loader.js -> resource://devtools/shared/protocol.js:1311:17
onPacket@resource://gre/modules/commonjs/toolkit/loader.js -> resource://devtools/shared/client/main.js:952:7
send/<@chrome://marionette/content/server.js -> resource://devtools/shared/transport/transport.js:570:13
exports.makeInfallible/<@resource://gre/modules/commonjs/toolkit/loader.js -> resource://devtools/shared/ThreadSafeDevToolsUtils.js:101:14
exports.makeInfallible/<@resource://gre/modules/commonjs/toolkit/loader.js -> resource://devtools/shared/ThreadSafeDevToolsUtils.js:101:14
Line: 1311, column: 17
console.error: 
  Handler function LocalDebuggerTransport instance's this.other.hooks.onPacket threw an exception: Error: Unexpected packet server1.conn0.child1/customhighlighter142, {"from":"server1.conn0.child1/customhighlighter142","error":"noSuchActor","message":"No such actor for ID: server1.conn0.child1/customhighlighter142"}
Stack: onPacket@resource://gre/modules/commonjs/toolkit/loader.js -> resource://devtools/shared/protocol.js:1311:17
onPacket@resource://gre/modules/commonjs/toolkit/loader.js -> resource://devtools/shared/client/main.js:952:7
send/<@chrome://marionette/content/server.js -> resource://devtools/shared/transport/transport.js:570:13
exports.makeInfallible/<@resource://gre/modules/commonjs/toolkit/loader.js -> resource://devtools/shared/ThreadSafeDevToolsUtils.js:101:14
exports.makeInfallible/<@resource://gre/modules/commonjs/toolkit/loader.js -> resource://devtools/shared/ThreadSafeDevToolsUtils.js:101:14
Line: 1311, column: 17
console.error: 
  Protocol error (noSuchActor): No such actor for ID: server1.conn0.child1/memoryActor12
1493098230553	Marionette	INFO	Listening on port 55415
1493098230791	Marionette	WARN	TLS certificate errors will be ignored for this session
2017-04-25 14:30:32.050 plugin-container[37459:4986269] *** CFMessagePort: bootstrap_register(): failed 1100 (0x44c) 'Permission denied', port = 0x9133, name = 'com.apple.tsm.portname'
See /usr/include/servers/bootstrap_defs.h for the error codes.
2017-04-25 14:30:32.055 plugin-container[37459:4986269] *** CFMessagePort: bootstrap_register(): failed 1100 (0x44c) 'Permission denied', port = 0x9403, name = 'com.apple.CFPasteboardClient'
See /usr/include/servers/bootstrap_defs.h for the error codes.
1493098532113	geckodriver	INFO	Listening on 127.0.0.1:55971
1493098533278	geckodriver::marionette	INFO	Starting browser /Applications/Firefox.app/Contents/MacOS/firefox-bin with args ["-marionette"]
1493098537028	Marionette	INFO	Listening on port 55984
1493098537115	Marionette	WARN	TLS certificate errors will be ignored for this session
2017-04-25 14:35:37.968 plugin-container[37527:4989398] *** CFMessagePort: bootstrap_register(): failed 1100 (0x44c) 'Permission denied', port = 0x913b, name = 'com.apple.tsm.portname'
See /usr/include/servers/bootstrap_defs.h for the error codes.
2017-04-25 14:35:37.990 plugin-container[37527:4989398] *** CFMessagePort: bootstrap_register(): failed 1100 (0x44c) 'Permission denied', port = 0x9403, name = 'com.apple.CFPasteboardClient'
See /usr/include/servers/bootstrap_defs.h for the error codes.
JavaScript warning: http://cafe.naver.com/static/js/mycafe/common/storyphoto/original_viewer-1476780396000-41944.js, line 89: unreachable code after return statement
JavaScript warning: http://cafe.naver.com/static/js/mycafe/common/storyphoto/original_viewer-1476780396000-41944.js, line 134: unreachable code after return statement
JavaScript warning: http://cafe.naver.com/static/js/mycafe/common/storyphoto/original_viewer-1476780396000-41944.js, line 89: unreachable code after return statement
JavaScript warning: http://cafe.naver.com/static/js/mycafe/common/storyphoto/original_viewer-1476780396000-41944.js, line 134: unreachable code after return statement
1493098572506	geckodriver	INFO	Listening on 127.0.0.1:56215
1493098573836	geckodriver::marionette	INFO	Starting browser /Applications/Firefox.app/Contents/MacOS/firefox-bin with args ["-marionette"]
1493098577147	Marionette	INFO	Listening on port 56228
1493098577269	Marionette	WARN	TLS certificate errors will be ignored for this session
2017-04-25 14:36:17.729 plugin-container[37540:4990568] *** CFMessagePort: bootstrap_register(): failed 1100 (0x44c) 'Permission denied', port = 0x913b, name = 'com.apple.tsm.portname'
See /usr/include/servers/bootstrap_defs.h for the error codes.
2017-04-25 14:36:17.733 plugin-container[37540:4990568] *** CFMessagePort: bootstrap_register(): failed 1100 (0x44c) 'Permission denied', port = 0x9403, name = 'com.apple.CFPasteboardClient'
See /usr/include/servers/bootstrap_defs.h for the error codes.
JavaScript warning: http://cafe.naver.com/static/js/mycafe/common/storyphoto/original_viewer-1476780396000-41944.js, line 89: unreachable code after return statement
JavaScript warning: http://cafe.naver.com/static/js/mycafe/common/storyphoto/original_viewer-1476780396000-41944.js, line 134: unreachable code after return statement
JavaScript warning: http://cafe.naver.com/static/js/mycafe/common/storyphoto/original_viewer-1476780396000-41944.js, line 89: unreachable code after return statement
JavaScript warning: http://cafe.naver.com/static/js/mycafe/common/storyphoto/original_viewer-1476780396000-41944.js, line 134: unreachable code after return statement
1493098634767	geckodriver	INFO	Listening on 127.0.0.1:56461
1493098636084	geckodriver::marionette	INFO	Starting browser /Applications/Firefox.app/Contents/MacOS/firefox-bin with args ["-marionette"]
1493098639348	Marionette	INFO	Listening on port 56474
1493098639440	Marionette	WARN	TLS certificate errors will be ignored for this session
2017-04-25 14:37:19.897 plugin-container[37559:4991710] *** CFMessagePort: bootstrap_register(): failed 1100 (0x44c) 'Permission denied', port = 0x913b, name = 'com.apple.tsm.portname'
See /usr/include/servers/bootstrap_defs.h for the error codes.
2017-04-25 14:37:19.901 plugin-container[37559:4991710] *** CFMessagePort: bootstrap_register(): failed 1100 (0x44c) 'Permission denied', port = 0x9403, name = 'com.apple.CFPasteboardClient'
See /usr/include/servers/bootstrap_defs.h for the error codes.
JavaScript warning: http://cafe.naver.com/static/js/mycafe/common/storyphoto/original_viewer-1476780396000-41944.js, line 89: unreachable code after return statement
JavaScript warning: http://cafe.naver.com/static/js/mycafe/common/storyphoto/original_viewer-1476780396000-41944.js, line 134: unreachable code after return statement
JavaScript warning: http://cafe.naver.com/static/js/mycafe/common/storyphoto/original_viewer-1476780396000-41944.js, line 89: unreachable code after return statement
JavaScript warning: http://cafe.naver.com/static/js/mycafe/common/storyphoto/original_viewer-1476780396000-41944.js, line 134: unreachable code after return statement
2017-04-25 14:38:05.120 plugin-container[37574:4992859] *** CFMessagePort: bootstrap_register(): failed 1100 (0x44c) 'Permission denied', port = 0x913b, name = 'com.apple.tsm.portname'
See /usr/include/servers/bootstrap_defs.h for the error codes.
2017-04-25 14:38:05.144 plugin-container[37574:4992859] *** CFMessagePort: bootstrap_register(): failed 1100 (0x44c) 'Permission denied', port = 0x9403, name = 'com.apple.CFPasteboardClient'
See /usr/include/servers/bootstrap_defs.h for the error codes.
1493098772063	geckodriver	INFO	Listening on 127.0.0.1:56737
1493098773512	geckodriver::marionette	INFO	Starting browser /Applications/Firefox.app/Contents/MacOS/firefox-bin with args ["-marionette"]
1493098780580	Marionette	INFO	Listening on port 56750
1493098780696	Marionette	WARN	TLS certificate errors will be ignored for this session
2017-04-25 14:39:41.293 plugin-container[37600:4994648] *** CFMessagePort: bootstrap_register(): failed 1100 (0x44c) 'Permission denied', port = 0x913b, name = 'com.apple.tsm.portname'
See /usr/include/servers/bootstrap_defs.h for the error codes.
2017-04-25 14:39:41.297 plugin-container[37600:4994648] *** CFMessagePort: bootstrap_register(): failed 1100 (0x44c) 'Permission denied', port = 0x9403, name = 'com.apple.CFPasteboardClient'
See /usr/include/servers/bootstrap_defs.h for the error codes.
JavaScript warning: http://cafe.naver.com/static/js/mycafe/common/storyphoto/original_viewer-1476780396000-41944.js, line 89: unreachable code after return statement
JavaScript warning: http://cafe.naver.com/static/js/mycafe/common/storyphoto/original_viewer-1476780396000-41944.js, line 134: unreachable code after return statement
JavaScript warning: http://cafe.naver.com/static/js/mycafe/common/storyphoto/original_viewer-1476780396000-41944.js, line 89: unreachable code after return statement
JavaScript warning: http://cafe.naver.com/static/js/mycafe/common/storyphoto/original_viewer-1476780396000-41944.js, line 134: unreachable code after return statement
1493099185969	geckodriver	INFO	Listening on 127.0.0.1:57102
1493099187446	geckodriver::marionette	INFO	Starting browser /Applications/Firefox.app/Contents/MacOS/firefox-bin with args ["-marionette"]
1493099199581	Marionette	INFO	Listening on port 57115
1493099199741	Marionette	WARN	TLS certificate errors will be ignored for this session
2017-04-25 14:46:40.240 plugin-container[37698:4999111] *** CFMessagePort: bootstrap_register(): failed 1100 (0x44c) 'Permission denied', port = 0x913b, name = 'com.apple.tsm.portname'
See /usr/include/servers/bootstrap_defs.h for the error codes.
2017-04-25 14:46:40.243 plugin-container[37698:4999111] *** CFMessagePort: bootstrap_register(): failed 1100 (0x44c) 'Permission denied', port = 0x9403, name = 'com.apple.CFPasteboardClient'
See /usr/include/servers/bootstrap_defs.h for the error codes.
JavaScript warning: http://cafe.naver.com/static/js/mycafe/common/storyphoto/original_viewer-1476780396000-41944.js, line 89: unreachable code after return statement
JavaScript warning: http://cafe.naver.com/static/js/mycafe/common/storyphoto/original_viewer-1476780396000-41944.js, line 134: unreachable code after return statement
JavaScript warning: http://cafe.naver.com/static/js/mycafe/common/storyphoto/original_viewer-1476780396000-41944.js, line 89: unreachable code after return statement
JavaScript warning: http://cafe.naver.com/static/js/mycafe/common/storyphoto/original_viewer-1476780396000-41944.js, line 134: unreachable code after return statement
1493099241583	geckodriver	INFO	Listening on 127.0.0.1:57609
1493099243082	geckodriver::marionette	INFO	Starting browser /Applications/Firefox.app/Contents/MacOS/firefox-bin with args ["-marionette"]
1493099250339	Marionette	INFO	Listening on port 57622
1493099250431	Marionette	WARN	TLS certificate errors will be ignored for this session
2017-04-25 14:47:30.956 plugin-container[37712:4999895] *** CFMessagePort: bootstrap_register(): failed 1100 (0x44c) 'Permission denied', port = 0x913b, name = 'com.apple.tsm.portname'
See /usr/include/servers/bootstrap_defs.h for the error codes.
2017-04-25 14:47:30.960 plugin-container[37712:4999895] *** CFMessagePort: bootstrap_register(): failed 1100 (0x44c) 'Permission denied', port = 0x9403, name = 'com.apple.CFPasteboardClient'
See /usr/include/servers/bootstrap_defs.h for the error codes.
JavaScript warning: http://cafe.naver.com/static/js/mycafe/common/storyphoto/original_viewer-1476780396000-41944.js, line 89: unreachable code after return statement
JavaScript warning: http://cafe.naver.com/static/js/mycafe/common/storyphoto/original_viewer-1476780396000-41944.js, line 134: unreachable code after return statement
JavaScript warning: http://cafe.naver.com/static/js/mycafe/common/storyphoto/original_viewer-1476780396000-41944.js, line 89: unreachable code after return statement
JavaScript warning: http://cafe.naver.com/static/js/mycafe/common/storyphoto/original_viewer-1476780396000-41944.js, line 134: unreachable code after return statement
IPDL protocol error: Handler returned error code!

###!!! [Parent][DispatchAsyncMessage] Error: PLayerTransaction::Msg_ReleaseLayer Processing error: message was deserialized, but the handler returned false (indicating failure)

1493099358834	geckodriver	INFO	Listening on 127.0.0.1:57981
1493099360037	geckodriver::marionette	INFO	Starting browser /Applications/Firefox.app/Contents/MacOS/firefox-bin with args ["-marionette"]
1493099364703	Marionette	INFO	Listening on port 57994
1493099364773	Marionette	WARN	TLS certificate errors will be ignored for this session
2017-04-25 14:49:25.381 plugin-container[37741:5001914] *** CFMessagePort: bootstrap_register(): failed 1100 (0x44c) 'Permission denied', port = 0x913b, name = 'com.apple.tsm.portname'
See /usr/include/servers/bootstrap_defs.h for the error codes.
2017-04-25 14:49:25.385 plugin-container[37741:5001914] *** CFMessagePort: bootstrap_register(): failed 1100 (0x44c) 'Permission denied', port = 0x9403, name = 'com.apple.CFPasteboardClient'
See /usr/include/servers/bootstrap_defs.h for the error codes.
JavaScript warning: http://cafe.naver.com/static/js/mycafe/common/storyphoto/original_viewer-1476780396000-41944.js, line 89: unreachable code after return statement
JavaScript warning: http://cafe.naver.com/static/js/mycafe/common/storyphoto/original_viewer-1476780396000-41944.js, line 134: unreachable code after return statement
JavaScript warning: http://cafe.naver.com/static/js/mycafe/common/storyphoto/original_viewer-1476780396000-41944.js, line 89: unreachable code after return statement
JavaScript warning: http://cafe.naver.com/static/js/mycafe/common/storyphoto/original_viewer-1476780396000-41944.js, line 134: unreachable code after return statement
1493099776911	geckodriver	INFO	Listening on 127.0.0.1:58276
1493099778990	geckodriver::marionette	INFO	Starting browser /Applications/Firefox.app/Contents/MacOS/firefox-bin with args ["-marionette"]
1493099801104	Marionette	INFO	Listening on port 58289
1493099802050	Marionette	WARN	TLS certificate errors will be ignored for this session
2017-04-25 14:56:42.864 plugin-container[37833:5007413] *** CFMessagePort: bootstrap_register(): failed 1100 (0x44c) 'Permission denied', port = 0x923b, name = 'com.apple.tsm.portname'
See /usr/include/servers/bootstrap_defs.h for the error codes.
2017-04-25 14:56:42.868 plugin-container[37833:5007413] *** CFMessagePort: bootstrap_register(): failed 1100 (0x44c) 'Permission denied', port = 0x9503, name = 'com.apple.CFPasteboardClient'
See /usr/include/servers/bootstrap_defs.h for the error codes.
JavaScript warning: http://cafe.naver.com/static/js/mycafe/common/storyphoto/original_viewer-1476780396000-41944.js, line 89: unreachable code after return statement
JavaScript warning: http://cafe.naver.com/static/js/mycafe/common/storyphoto/original_viewer-1476780396000-41944.js, line 134: unreachable code after return statement
JavaScript warning: http://cafe.naver.com/static/js/mycafe/common/storyphoto/original_viewer-1476780396000-41944.js, line 89: unreachable code after return statement
JavaScript warning: http://cafe.naver.com/static/js/mycafe/common/storyphoto/original_viewer-1476780396000-41944.js, line 134: unreachable code after return statement
JavaScript warning: http://cafe.naver.com/static/js/mycafe/common/storyphoto/original_viewer-1476780396000-41944.js, line 89: unreachable code after return statement
JavaScript warning: http://cafe.naver.com/static/js/mycafe/common/storyphoto/original_viewer-1476780396000-41944.js, line 134: unreachable code after return statement
JavaScript warning: http://cafe.naver.com/static/js/mycafe/common/storyphoto/original_viewer-1476780396000-41944.js, line 89: unreachable code after return statement
JavaScript warning: http://cafe.naver.com/static/js/mycafe/common/storyphoto/original_viewer-1476780396000-41944.js, line 134: unreachable code after return statement
1493100103964	geckodriver	INFO	Listening on 127.0.0.1:59111
1493100105419	geckodriver::marionette	INFO	Starting browser /Applications/Firefox.app/Contents/MacOS/firefox-bin with args ["-marionette"]
1493100115815	Marionette	INFO	Listening on port 59124
1493100115913	Marionette	WARN	TLS certificate errors will be ignored for this session
2017-04-25 15:01:58.779 plugin-container[37905:5011978] *** CFMessagePort: bootstrap_register(): failed 1100 (0x44c) 'Permission denied', port = 0x913b, name = 'com.apple.tsm.portname'
See /usr/include/servers/bootstrap_defs.h for the error codes.
2017-04-25 15:01:58.785 plugin-container[37905:5011978] *** CFMessagePort: bootstrap_register(): failed 1100 (0x44c) 'Permission denied', port = 0x9403, name = 'com.apple.CFPasteboardClient'
See /usr/include/servers/bootstrap_defs.h for the error codes.
JavaScript warning: https://ajax.googleapis.com/ajax/libs/jquery/1.10.2/jquery.min.js, line 1: Using //@ to indicate sourceMappingURL pragmas is deprecated. Use //# instead
JavaScript warning: https://ajax.googleapis.com/ajax/libs/jquery/1.10.2/jquery.min.js, line 1: Using //@ to indicate sourceMappingURL pragmas is deprecated. Use //# instead
JavaScript warning: https://ajax.googleapis.com/ajax/libs/jquery/1.10.2/jquery.min.js, line 1: Using //@ to indicate sourceMappingURL pragmas is deprecated. Use //# instead
*************************
A coding exception was thrown and uncaught in a Task.

Full message: TypeError: NetworkError when attempting to fetch resource.
Full stack: 
*************************
*************************
A coding exception was thrown and uncaught in a Task.

Full message: TypeError: NetworkError when attempting to fetch resource.
Full stack: 
*************************
*************************
A coding exception was thrown and uncaught in a Task.

Full message: TypeError: NetworkError when attempting to fetch resource.
Full stack: 
*************************
*************************
A coding exception was thrown and uncaught in a Task.

Full message: TypeError: NetworkError when attempting to fetch resource.
Full stack: 
*************************
